Removed Pin From Net: NetName=TIM4_CH2 Pin=TVS1-1
Removed Pin From Net: NetName=TIM4_CH1 Pin=TVS1-2
Removed Pin From Net: NetName=TIM4_CH4 Pin=TVS2-1
Removed Pin From Net: NetName=TIM4_CH3 Pin=TVS2-2
Removed Pin From Net: NetName=TIM9_CH2 Pin=TVS3-1
Removed Pin From Net: NetName=TIM9_CH1 Pin=TVS3-2
Removed Pin From Net: NetName=UART1_RX Pin=TVS4-1
Removed Pin From Net: NetName=UART1_TX Pin=TVS4-2
Removed Pin From Net: NetName=UART2_RX Pin=TVS5-1
Removed Pin From Net: NetName=UART2_TX Pin=TVS5-2
Removed Pin From Net: NetName=UART3_RX Pin=TVS6-1
Removed Pin From Net: NetName=UART3_TX Pin=TVS6-2
Removed Pin From Net: NetName=UART4_RX Pin=TVS7-1
Removed Pin From Net: NetName=UART4_TX Pin=TVS7-2
Removed Pin From Net: NetName=UART6_RX Pin=TVS8-1
Removed Pin From Net: NetName=UART6_TX Pin=TVS8-2
Added Pin To Net: NetName=TIM4_CH1_IN Pin=R8-2
Added Pin To Net: NetName=TIM4_CH1_IN Pin=TVS1-2
Added Pin To Net: NetName=TIM4_CH1_IN Pin=U9-1
Added Net: Name=TIM4_CH1_IN
Added Pin To Net: NetName=TIM4_CH2_IN Pin=R13-2
Added Pin To Net: NetName=TIM4_CH2_IN Pin=TVS1-1
Added Pin To Net: NetName=TIM4_CH2_IN Pin=U10-1
Added Net: Name=TIM4_CH2_IN
Added Pin To Net: NetName=TIM4_CH3_IN Pin=R14-2
Added Pin To Net: NetName=TIM4_CH3_IN Pin=TVS2-2
Added Pin To Net: NetName=TIM4_CH3_IN Pin=U11-1
Added Net: Name=TIM4_CH3_IN
Added Pin To Net: NetName=TIM4_CH4_IN Pin=R15-2
Added Pin To Net: NetName=TIM4_CH4_IN Pin=TVS2-1
Added Pin To Net: NetName=TIM4_CH4_IN Pin=U12-1
Added Net: Name=TIM4_CH4_IN
Added Pin To Net: NetName=TIM9_CH1_IN Pin=R19-2
Added Pin To Net: NetName=TIM9_CH1_IN Pin=TVS3-2
Added Pin To Net: NetName=TIM9_CH1_IN Pin=U24-1
Added Net: Name=TIM9_CH1_IN
Added Pin To Net: NetName=TIM9_CH2_IN Pin=R20-2
Added Pin To Net: NetName=TIM9_CH2_IN Pin=TVS3-1
Added Pin To Net: NetName=TIM9_CH2_IN Pin=U26-1
Added Net: Name=TIM9_CH2_IN
Added Pin To Net: NetName=UART1_RX_IN Pin=R29-2
Added Pin To Net: NetName=UART1_RX_IN Pin=TVS4-1
Added Pin To Net: NetName=UART1_RX_IN Pin=U16-2
Added Net: Name=UART1_RX_IN
Added Pin To Net: NetName=UART1_TX_IN Pin=R21-2
Added Pin To Net: NetName=UART1_TX_IN Pin=TVS4-2
Added Pin To Net: NetName=UART1_TX_IN Pin=U16-1
Added Net: Name=UART1_TX_IN
Added Pin To Net: NetName=UART2_RX_IN Pin=R30-2
Added Pin To Net: NetName=UART2_RX_IN Pin=TVS5-1
Added Pin To Net: NetName=UART2_RX_IN Pin=U17-2
Added Net: Name=UART2_RX_IN
Added Pin To Net: NetName=UART2_TX_IN Pin=R23-2
Added Pin To Net: NetName=UART2_TX_IN Pin=TVS5-2
Added Pin To Net: NetName=UART2_TX_IN Pin=U17-1
Added Net: Name=UART2_TX_IN
Added Pin To Net: NetName=UART3_RX_IN Pin=R31-2
Added Pin To Net: NetName=UART3_RX_IN Pin=TVS6-1
Added Pin To Net: NetName=UART3_RX_IN Pin=U18-2
Added Net: Name=UART3_RX_IN
Added Pin To Net: NetName=UART3_TX_IN Pin=R24-2
Added Pin To Net: NetName=UART3_TX_IN Pin=TVS6-2
Added Pin To Net: NetName=UART3_TX_IN Pin=U18-1
Added Net: Name=UART3_TX_IN
Added Pin To Net: NetName=UART4_RX_IN Pin=R32-2
Added Pin To Net: NetName=UART4_RX_IN Pin=TVS7-1
Added Pin To Net: NetName=UART4_RX_IN Pin=U19-2
Added Net: Name=UART4_RX_IN
Added Pin To Net: NetName=UART4_TX_IN Pin=R25-2
Added Pin To Net: NetName=UART4_TX_IN Pin=TVS7-2
Added Pin To Net: NetName=UART4_TX_IN Pin=U19-1
Added Net: Name=UART4_TX_IN
Added Pin To Net: NetName=UART6_RX_IN Pin=R33-2
Added Pin To Net: NetName=UART6_RX_IN Pin=TVS8-1
Added Pin To Net: NetName=UART6_RX_IN Pin=U20-2
Added Net: Name=UART6_RX_IN
Added Pin To Net: NetName=UART6_TX_IN Pin=R28-2
Added Pin To Net: NetName=UART6_TX_IN Pin=TVS8-2
Added Pin To Net: NetName=UART6_TX_IN Pin=U20-1
Added Net: Name=UART6_TX_IN
Added Member To Class: ClassName=00_power Member=Component U3 GH1.25-4P
Added Member To Class: ClassName=00_power Member=Component U8 GH1.25-4P
