Removed Pin From Net: NetName=VIN Pin=R12-2
Added Component: Designator=CN6(XT30PW-M)
Add component (AddParameter): Name = "Add into BOM"; Value = "yes"; VariantName = "[No Variations]"
Add component (AddParameter): Name = "Belt length"; Value = "-"; VariantName = "[No Variations]"
Add component (AddParameter): Name = "Brand"; Value = "艾迈斯"; VariantName = "[No Variations]"
Add component (AddParameter): Name = "Colour"; Value = "-"; VariantName = "[No Variations]"
Add component (AddParameter): Name = "contact resistance"; Value = "1.2mΩ"; VariantName = "[No Variations]"
Add component (AddParameter): Name = "Convert to PCB"; Value = "yes"; VariantName = "[No Variations]"
Add component (AddParameter): Name = "Datasheet"; Value = "https://atta.szlcsc.com/upload/public/pdf/source/20220222/6A9F22F7850E25B33E1BE430ADF8560B.pdf"; VariantName = "[No Variations]"
Add component (AddParameter): Name = "Device"; Value = "XT30PW-M"; VariantName = "[No Variations]"
Add component (AddParameter): Name = "FlameRetardantGrade"; Value = "-"; VariantName = "[No Variations]"
Add component (AddParameter): Name = "Input"; Value = "-"; VariantName = "[No Variations]"
Add component (AddParameter): Name = "InsulationMaterial"; Value = "-"; VariantName = "[No Variations]"
Add component (AddParameter): Name = "Interface"; Value = "-"; VariantName = "[No Variations]"
Add component (AddParameter): Name = "InterfaceType"; Value = "公头"; VariantName = "[No Variations]"
Add component (AddParameter): Name = "JLCPCB Part Class"; Value = "Extended Part"; VariantName = "[No Variations]"
Add component (AddParameter): Name = "LCSC Part Name"; Value = "AMASS(艾迈斯)航模插头 卧式弯脚 XT30PW-M公头"; VariantName = "[No Variations]"
Add component (AddParameter): Name = "Manufacturer"; Value = "AMASS(艾迈斯)"; VariantName = "[No Variations]"
Add component (AddParameter): Name = "Manufacturer Part"; Value = "XT30PW-M"; VariantName = "[No Variations]"
Add component (AddParameter): Name = "MaximumCurrent"; Value = "-"; VariantName = "[No Variations]"
Add component (AddParameter): Name = "MetalMaterial"; Value = "-"; VariantName = "[No Variations]"
Add component (AddParameter): Name = "Model"; Value = "XT30PW-M"; VariantName = "[No Variations]"
Add component (AddParameter): Name = "Name"; Value = ""; VariantName = "[No Variations]"
Add component (AddParameter): Name = "NumberOfUSBHoles"; Value = "-"; VariantName = "[No Variations]"
Add component (AddParameter): Name = "Output"; Value = "-"; VariantName = "[No Variations]"
Add component (AddParameter): Name = "Power"; Value = "-"; VariantName = "[No Variations]"
Add component (AddParameter): Name = "RatedCurrent"; Value = "15A"; VariantName = "[No Variations]"
Add component (AddParameter): Name = "RatedVoltage"; Value = "DC 500V"; VariantName = "[No Variations]"
Add component (AddParameter): Name = "RecommendedWireGauge"; Value = "16/18/20AWG"; VariantName = "[No Variations]"
Add component (AddParameter): Name = "Size"; Value = "-"; VariantName = "[No Variations]"
Add component (AddParameter): Name = "specifications"; Value = "2pin"; VariantName = "[No Variations]"
Add component (AddParameter): Name = "Supplier"; Value = "LCSC"; VariantName = "[No Variations]"
Add component (AddParameter): Name = "Supplier Footprint"; Value = "-"; VariantName = "[No Variations]"
Add component (AddParameter): Name = "Supplier Part"; Value = "C431092"; VariantName = "[No Variations]"
Add component (AddParameter): Name = "Symbol"; Value = "XT30PW-M"; VariantName = "[No Variations]"
Add component (AddParameter): Name = "Type"; Value = "航模插头"; VariantName = "[No Variations]"
Add component (AddParameter): Name = "Type1"; Value = "-"; VariantName = "[No Variations]"
Added Component: Designator=CN7(XT30PW-M)
Add component (AddParameter): Name = "Add into BOM"; Value = "yes"; VariantName = "[No Variations]"
Add component (AddParameter): Name = "Belt length"; Value = "-"; VariantName = "[No Variations]"
Add component (AddParameter): Name = "Brand"; Value = "艾迈斯"; VariantName = "[No Variations]"
Add component (AddParameter): Name = "Colour"; Value = "-"; VariantName = "[No Variations]"
Add component (AddParameter): Name = "contact resistance"; Value = "1.2mΩ"; VariantName = "[No Variations]"
Add component (AddParameter): Name = "Convert to PCB"; Value = "yes"; VariantName = "[No Variations]"
Add component (AddParameter): Name = "Datasheet"; Value = "https://atta.szlcsc.com/upload/public/pdf/source/20220222/6A9F22F7850E25B33E1BE430ADF8560B.pdf"; VariantName = "[No Variations]"
Add component (AddParameter): Name = "Device"; Value = "XT30PW-M"; VariantName = "[No Variations]"
Add component (AddParameter): Name = "FlameRetardantGrade"; Value = "-"; VariantName = "[No Variations]"
Add component (AddParameter): Name = "Input"; Value = "-"; VariantName = "[No Variations]"
Add component (AddParameter): Name = "InsulationMaterial"; Value = "-"; VariantName = "[No Variations]"
Add component (AddParameter): Name = "Interface"; Value = "-"; VariantName = "[No Variations]"
Add component (AddParameter): Name = "InterfaceType"; Value = "公头"; VariantName = "[No Variations]"
Add component (AddParameter): Name = "JLCPCB Part Class"; Value = "Extended Part"; VariantName = "[No Variations]"
Add component (AddParameter): Name = "LCSC Part Name"; Value = "AMASS(艾迈斯)航模插头 卧式弯脚 XT30PW-M公头"; VariantName = "[No Variations]"
Add component (AddParameter): Name = "Manufacturer"; Value = "AMASS(艾迈斯)"; VariantName = "[No Variations]"
Add component (AddParameter): Name = "Manufacturer Part"; Value = "XT30PW-M"; VariantName = "[No Variations]"
Add component (AddParameter): Name = "MaximumCurrent"; Value = "-"; VariantName = "[No Variations]"
Add component (AddParameter): Name = "MetalMaterial"; Value = "-"; VariantName = "[No Variations]"
Add component (AddParameter): Name = "Model"; Value = "XT30PW-M"; VariantName = "[No Variations]"
Add component (AddParameter): Name = "Name"; Value = ""; VariantName = "[No Variations]"
Add component (AddParameter): Name = "NumberOfUSBHoles"; Value = "-"; VariantName = "[No Variations]"
Add component (AddParameter): Name = "Output"; Value = "-"; VariantName = "[No Variations]"
Add component (AddParameter): Name = "Power"; Value = "-"; VariantName = "[No Variations]"
Add component (AddParameter): Name = "RatedCurrent"; Value = "15A"; VariantName = "[No Variations]"
Add component (AddParameter): Name = "RatedVoltage"; Value = "DC 500V"; VariantName = "[No Variations]"
Add component (AddParameter): Name = "RecommendedWireGauge"; Value = "16/18/20AWG"; VariantName = "[No Variations]"
Add component (AddParameter): Name = "Size"; Value = "-"; VariantName = "[No Variations]"
Add component (AddParameter): Name = "specifications"; Value = "2pin"; VariantName = "[No Variations]"
Add component (AddParameter): Name = "Supplier"; Value = "LCSC"; VariantName = "[No Variations]"
Add component (AddParameter): Name = "Supplier Footprint"; Value = "-"; VariantName = "[No Variations]"
Add component (AddParameter): Name = "Supplier Part"; Value = "C431092"; VariantName = "[No Variations]"
Add component (AddParameter): Name = "Symbol"; Value = "XT30PW-M"; VariantName = "[No Variations]"
Add component (AddParameter): Name = "Type"; Value = "航模插头"; VariantName = "[No Variations]"
Add component (AddParameter): Name = "Type1"; Value = "-"; VariantName = "[No Variations]"
Added Pin To Net: NetName=GND Pin=CN6-1
Added Pin To Net: NetName=VIN Pin=CN6-2
Added Pin To Net: NetName=GND Pin=CN6-3
Added Pin To Net: NetName=GND Pin=CN6-4
Added Pin To Net: NetName=GND Pin=CN7-1
Added Pin To Net: NetName=GND Pin=CN7-3
Added Pin To Net: NetName=GND Pin=CN7-4
Added Pin To Net: NetName=VIN_ADC Pin=CN7-2
Added Pin To Net: NetName=VIN_ADC Pin=R12-2
Added Net: Name=VIN_ADC
Added Member To Class: ClassName=00_power Member=Component CN6 XT30PW-M
Added Member To Class: ClassName=00_power Member=Component CN7 XT30PW-M
