Removed Pin From Net: NetName=GND Pin=CN2-0
Removed Pin From Net: NetName=GND Pin=CN2-0
Removed Pin From Net: NetName=GND Pin=CN2-0
Removed Pin From Net: NetName=GND Pin=CN2-0
Removed Pin From Net: NetName=GND Pin=CN2-A1
Removed Pin From Net: NetName=VIN-USB Pin=CN2-A4
Removed Pin From Net: NetName=NetCN2_A5 Pin=CN2-A5
Removed Pin From Net: NetName=USB_FS_D+ Pin=CN2-A6
Removed Pin From Net: NetName=USB_FS_D- Pin=CN2-A7
Removed Pin From Net: NetName=VIN-USB Pin=CN2-A9
Removed Pin From Net: NetName=GND Pin=CN2-A12
Removed Pin From Net: NetName=GND Pin=CN2-B1
Removed Pin From Net: NetName=VIN-USB Pin=CN2-B4
Removed Pin From Net: NetName=NetCN2_B5 Pin=CN2-B5
Removed Pin From Net: NetName=USB_FS_D+ Pin=CN2-B6
Removed Pin From Net: NetName=USB_FS_D- Pin=CN2-B7
Removed Pin From Net: NetName=VIN-USB Pin=CN2-B9
Removed Pin From Net: NetName=GND Pin=CN2-B12
Added Component: Designator=CN2(Type-c 16pin)
Added Pin To Net: NetName=GND Pin=CN2-0
Added Pin To Net: NetName=GND Pin=CN2-0
Added Pin To Net: NetName=GND Pin=CN2-0
Added Pin To Net: NetName=GND Pin=CN2-0
Added Pin To Net: NetName=GND Pin=CN2-A1
Added Pin To Net: NetName=VIN-USB Pin=CN2-A4
Added Pin To Net: NetName=NetCN2_A5 Pin=CN2-A5
Added Pin To Net: NetName=USB_FS_D+ Pin=CN2-A6
Added Pin To Net: NetName=USB_FS_D- Pin=CN2-A7
Added Pin To Net: NetName=VIN-USB Pin=CN2-A9
Added Pin To Net: NetName=GND Pin=CN2-A12
Added Pin To Net: NetName=GND Pin=CN2-B1
Added Pin To Net: NetName=VIN-USB Pin=CN2-B4
Added Pin To Net: NetName=NetCN2_B5 Pin=CN2-B5
Added Pin To Net: NetName=USB_FS_D+ Pin=CN2-B6
Added Pin To Net: NetName=USB_FS_D- Pin=CN2-B7
Added Pin To Net: NetName=VIN-USB Pin=CN2-B9
Added Pin To Net: NetName=GND Pin=CN2-B12
