Removed Pin From Net: NetName=GND Pin=C2-1
Removed Pin From Net: NetName=GND Pin=C3-1
Removed Pin From Net: NetName=GND Pin=C4-1
Removed Pin From Net: NetName=GND Pin=C5-1
Removed Pin From Net: NetName=GND Pin=C6-1
Removed Pin From Net: NetName=GND Pin=C7-1
Removed Pin From Net: NetName=GND Pin=CN1-1
Removed Pin From Net: NetName=GND Pin=CN1-3
Removed Pin From Net: NetName=GND Pin=CN1-4
Removed Pin From Net: NetName=GND Pin=CN3-1
Removed Pin From Net: NetName=GND Pin=CN3-3
Removed Pin From Net: NetName=GND Pin=CN3-4
Removed Pin From Net: NetName=GND Pin=CN4-1
Removed Pin From Net: NetName=GND Pin=CN4-3
Removed Pin From Net: NetName=GND Pin=CN4-4
Removed Pin From Net: NetName=GND Pin=CN5-1
Removed Pin From Net: NetName=GND Pin=CN5-3
Removed Pin From Net: NetName=GND Pin=CN5-4
Removed Pin From Net: NetName=GND Pin=D3-1
Removed Pin From Net: NetName=GND Pin=J1-1
Removed Pin From Net: NetName=GND Pin=R3-1
Removed Pin From Net: NetName=GND Pin=U1-1
Removed Pin From Net: NetName=GND Pin=U3-3
Removed Pin From Net: NetName=GND Pin=U3-4
Removed Pin From Net: NetName=GND Pin=U3-5
Removed Pin From Net: NetName=GND Pin=U3-6
Removed Pin From Net: NetName=GND Pin=U13-2
Removed Pin From Net: NetName=GND Pin=U13-3
Removed Pin From Net: NetName=GND Pin=U13-4
Change Component Comment : Designator=C30 Old Comment=100nF New Comment=10nF
Added Pin To Net: NetName=VIN_GND Pin=C2-1
Added Pin To Net: NetName=VIN_GND Pin=C3-1
Added Pin To Net: NetName=VIN_GND Pin=C4-1
Added Pin To Net: NetName=VIN_GND Pin=C5-1
Added Pin To Net: NetName=VIN_GND Pin=C6-1
Added Pin To Net: NetName=VIN_GND Pin=C7-1
Added Pin To Net: NetName=VIN_GND Pin=CN1-1
Added Pin To Net: NetName=VIN_GND Pin=CN1-3
Added Pin To Net: NetName=VIN_GND Pin=CN1-4
Added Pin To Net: NetName=VIN_GND Pin=CN3-1
Added Pin To Net: NetName=VIN_GND Pin=CN3-3
Added Pin To Net: NetName=VIN_GND Pin=CN3-4
Added Pin To Net: NetName=VIN_GND Pin=CN4-1
Added Pin To Net: NetName=VIN_GND Pin=CN4-3
Added Pin To Net: NetName=VIN_GND Pin=CN4-4
Added Pin To Net: NetName=VIN_GND Pin=CN5-1
Added Pin To Net: NetName=VIN_GND Pin=CN5-3
Added Pin To Net: NetName=VIN_GND Pin=CN5-4
Added Pin To Net: NetName=VIN_GND Pin=D3-1
Added Pin To Net: NetName=VIN_GND Pin=J1-1
Added Pin To Net: NetName=VIN_GND Pin=R3-1
Added Pin To Net: NetName=VIN_GND Pin=U1-1
Added Pin To Net: NetName=VIN_GND Pin=U3-3
Added Pin To Net: NetName=VIN_GND Pin=U3-4
Added Pin To Net: NetName=VIN_GND Pin=U3-5
Added Pin To Net: NetName=VIN_GND Pin=U3-6
Added Pin To Net: NetName=VIN_GND Pin=U13-2
Added Pin To Net: NetName=VIN_GND Pin=U13-3
Added Pin To Net: NetName=VIN_GND Pin=U13-4
Added Net: Name=VIN_GND
